<?xml version="1.0" encoding="UTF-8"?>
<!-- Generated by org.testng.reporters.JUnitXMLReporter -->
<testsuite ignored="0" hostname="itp-lapw175" failures="2" tests="4" name="PetStoreTest" time="8.699" errors="0" timestamp="2024-10-14T17:29:56 IST">
  <testcase classname="api.test.UserTests" name="testPostUser" time="2.702"/>
  <testcase classname="api.test.UserTests" name="testGetUserByName" time="1.56">
    <failure type="java.lang.AssertionError" message="expected [201] but found [200]">
      <![CDATA[java.lang.AssertionError: expected [201] but found [200]
at api.test.UserTests.testGetUserByName(UserTests.java:55)
at java.base/java.util.ArrayList.forEach(ArrayList.java:1597)
... Removed 32 stack frames]]>
    </failure>
  </testcase> <!-- testGetUserByName -->
  <testcase classname="api.test.UserTests" name="testUpdateUserByName" time="2.372">
    <failure type="java.lang.AssertionError" message="expected [201] but found [200]">
      <![CDATA[java.lang.AssertionError: expected [201] but found [200]
at api.test.UserTests.testGetUserByName(UserTests.java:55)
at api.test.UserTests.testUpdateUserByName(UserTests.java:71)
at java.base/java.util.ArrayList.forEach(ArrayList.java:1597)
... Removed 32 stack frames]]>
    </failure>
  </testcase> <!-- testUpdateUserByName -->
  <testcase classname="api.test.UserTests" name="testDeleteUserByUsername" time="1.181"/>
</testsuite> <!-- PetStoreTest -->
